2019-09-09 20:53:40.155  INFO 12864 --- [main] c.i.C.CommItJavaInterviewTestApplication : Starting CommItJavaInterviewTestApplication on DESKTOP-LI7CC4R with PID 12864 (C:\Users\Smaud\Downloads\CommIT-Java-Interview-Test\CommIT-Java-Interview-Test\target\classes started by Smaud in C:\Users\Smaud\Downloads\CommIT-Java-Interview-Test\CommIT-Java-Interview-Test)
2019-09-09 20:53:40.161  INFO 12864 --- [main] c.i.C.CommItJavaInterviewTestApplication : No active profile set, falling back to default profiles: default
2019-09-09 20:53:41.433  INFO 12864 --- [main] .s.d.r.c.RepositoryConfigurationDelegate : Bootstrapping Spring Data repositories in DEFAULT mode.
2019-09-09 20:53:41.521  INFO 12864 --- [main] .s.d.r.c.RepositoryConfigurationDelegate : Finished Spring Data repository scanning in 77ms. Found 2 repository interfaces.
2019-09-09 20:53:42.035  INFO 12864 --- [main] trationDelegate$BeanPostProcessorChecker : Bean 'org.springframework.transaction.annotation.ProxyTransactionManagementConfiguration' of type [org.springframework.transaction.annotation.ProxyTransactionManagementConfiguration$$EnhancerBySpringCGLIB$$e10bf005] is not eligible for getting processed by all BeanPostProcessors (for example: not eligible for auto-proxying)
2019-09-09 20:53:42.061  INFO 12864 --- [main] trationDelegate$BeanPostProcessorChecker : Bean 'org.springframework.hateoas.config.HateoasConfiguration' of type [org.springframework.hateoas.config.HateoasConfiguration$$EnhancerBySpringCGLIB$$608c3d37] is not eligible for getting processed by all BeanPostProcessors (for example: not eligible for auto-proxying)
2019-09-09 20:53:42.546  INFO 12864 --- [main] o.s.b.w.embedded.tomcat.TomcatWebServer  : Tomcat initialized with port(s): 8080 (http)
2019-09-09 20:53:42.568  INFO 12864 --- [main] o.apache.catalina.core.StandardService   : Starting service [Tomcat]
2019-09-09 20:53:42.571  INFO 12864 --- [main] org.apache.catalina.core.StandardEngine  : Starting Servlet engine: [Apache Tomcat/9.0.22]
2019-09-09 20:53:42.708  INFO 12864 --- [main] o.a.c.c.C.[Tomcat].[localhost].[/]       : Initializing Spring embedded WebApplicationContext
2019-09-09 20:53:42.708  INFO 12864 --- [main] o.s.web.context.ContextLoader            : Root WebApplicationContext: initialization completed in 2456 ms
2019-09-09 20:53:42.988  INFO 12864 --- [main] com.zaxxer.hikari.HikariDataSource       : HikariPool-1 - Starting...
2019-09-09 20:53:43.063  WARN 12864 --- [main] com.zaxxer.hikari.util.DriverDataSource  : Registered driver with driverClassName=com.mysql.jdbc.Driver was not found, trying direct instantiation.
2019-09-09 20:53:43.217  INFO 12864 --- [main] com.zaxxer.hikari.HikariDataSource       : HikariPool-1 - Start completed.
2019-09-09 20:53:43.292  INFO 12864 --- [main] o.hibernate.jpa.internal.util.LogHelper  : HHH000204: Processing PersistenceUnitInfo [
	name: default
	...]
2019-09-09 20:53:43.375  INFO 12864 --- [main] org.hibernate.Version                    : HHH000412: Hibernate Core {5.3.10.Final}
2019-09-09 20:53:43.377  INFO 12864 --- [main] org.hibernate.cfg.Environment            : HHH000206: hibernate.properties not found
2019-09-09 20:53:43.536  INFO 12864 --- [main] o.hibernate.annotations.common.Version   : HCANN000001: Hibernate Commons Annotations {5.0.4.Final}
2019-09-09 20:53:43.696  INFO 12864 --- [main] org.hibernate.dialect.Dialect            : HHH000400: Using dialect: org.hibernate.dialect.MySQL5InnoDBDialect
2019-09-09 20:53:44.629  INFO 12864 --- [main] o.h.t.schema.internal.SchemaCreatorImpl  : HHH000476: Executing import script 'org.hibernate.tool.schema.internal.exec.ScriptSourceInputNonExistentImpl@370c7cc5'
2019-09-09 20:53:44.631  INFO 12864 --- [main] j.LocalContainerEntityManagerFactoryBean : Initialized JPA EntityManagerFactory for persistence unit 'default'
2019-09-09 20:53:45.666  INFO 12864 --- [main] o.s.s.concurrent.ThreadPoolTaskExecutor  : Initializing ExecutorService 'applicationTaskExecutor'
2019-09-09 20:53:45.752  WARN 12864 --- [main] aWebConfiguration$JpaWebMvcConfiguration : spring.jpa.open-in-view is enabled by default. Therefore, database queries may be performed during view rendering. Explicitly configure spring.jpa.open-in-view to disable this warning
2019-09-09 20:53:46.479  INFO 12864 --- [main] o.s.b.w.embedded.tomcat.TomcatWebServer  : Tomcat started on port(s): 8080 (http) with context path ''
2019-09-09 20:53:46.487  INFO 12864 --- [main] c.i.C.CommItJavaInterviewTestApplication : Started CommItJavaInterviewTestApplication in 6.796 seconds (JVM running for 7.318)
2019-09-09 20:59:19.725  INFO 17840 --- [main] c.i.C.CommItJavaInterviewTestApplication : Starting CommItJavaInterviewTestApplication on DESKTOP-LI7CC4R with PID 17840 (C:\Users\Smaud\Downloads\CommIT-Java-Interview-Test\CommIT-Java-Interview-Test\target\classes started by Smaud in C:\Users\Smaud\Downloads\CommIT-Java-Interview-Test\CommIT-Java-Interview-Test)
2019-09-09 20:59:19.727  INFO 17840 --- [main] c.i.C.CommItJavaInterviewTestApplication : No active profile set, falling back to default profiles: default
