09-09-2019 21:35:43.758 [main] INFO  c.i.C.CommItJavaInterviewTestApplication.logStarting - Starting CommItJavaInterviewTestApplication on DESKTOP-LI7CC4R with PID 19296 (C:\Users\Smaud\Downloads\CommIT-Java-Interview-Test\CommIT-Java-Interview-Test\target\classes started by Smaud in C:\Users\Smaud\Downloads\CommIT-Java-Interview-Test\CommIT-Java-Interview-Test)
09-09-2019 21:35:43.764 [main] INFO  c.i.C.CommItJavaInterviewTestApplication.logStartupProfileInfo - No active profile set, falling back to default profiles: default
09-09-2019 21:35:45.036 [main] INFO  o.s.d.r.c.RepositoryConfigurationDelegate.registerRepositoriesIn - Bootstrapping Spring Data repositories in DEFAULT mode.
09-09-2019 21:35:45.158 [main] INFO  o.s.d.r.c.RepositoryConfigurationDelegate.registerRepositoriesIn - Finished Spring Data repository scanning in 102ms. Found 2 repository interfaces.
09-09-2019 21:35:45.736 [main] INFO  o.s.c.s.PostProcessorRegistrationDelegate$BeanPostProcessorChecker.postProcessAfterInitialization - Bean 'org.springframework.transaction.annotation.ProxyTransactionManagementConfiguration' of type [org.springframework.transaction.annotation.ProxyTransactionManagementConfiguration$$EnhancerBySpringCGLIB$$2332906] is not eligible for getting processed by all BeanPostProcessors (for example: not eligible for auto-proxying)
09-09-2019 21:35:45.761 [main] INFO  o.s.c.s.PostProcessorRegistrationDelegate$BeanPostProcessorChecker.postProcessAfterInitialization - Bean 'org.springframework.hateoas.config.HateoasConfiguration' of type [org.springframework.hateoas.config.HateoasConfiguration$$EnhancerBySpringCGLIB$$81b37638] is not eligible for getting processed by all BeanPostProcessors (for example: not eligible for auto-proxying)
09-09-2019 21:35:46.329 [main] INFO  o.s.b.w.e.tomcat.TomcatWebServer.initialize - Tomcat initialized with port(s): 8080 (http)
09-09-2019 21:35:46.360 [main] INFO  o.a.catalina.core.StandardService.log - Starting service [Tomcat]
09-09-2019 21:35:46.361 [main] INFO  o.a.catalina.core.StandardEngine.log - Starting Servlet engine: [Apache Tomcat/9.0.22]
09-09-2019 21:35:46.523 [main] INFO  o.a.c.c.C.[Tomcat].[localhost].[/].log - Initializing Spring embedded WebApplicationContext
09-09-2019 21:35:46.523 [main] INFO  o.s.web.context.ContextLoader.prepareWebApplicationContext - Root WebApplicationContext: initialization completed in 2618 ms
09-09-2019 21:35:47.031 [main] INFO  com.zaxxer.hikari.HikariDataSource.getConnection - HikariPool-1 - Starting...
09-09-2019 21:35:47.035 [main] WARN  c.z.hikari.util.DriverDataSource.<init> - Registered driver with driverClassName=com.mysql.jdbc.Driver was not found, trying direct instantiation.
09-09-2019 21:35:47.302 [main] INFO  com.zaxxer.hikari.HikariDataSource.getConnection - HikariPool-1 - Start completed.
09-09-2019 21:35:47.524 [main] INFO  o.h.jpa.internal.util.LogHelper.logPersistenceUnitInformation - HHH000204: Processing PersistenceUnitInfo [
	name: default
	...]
09-09-2019 21:35:47.632 [main] INFO  org.hibernate.Version.logVersion - HHH000412: Hibernate Core {5.3.10.Final}
09-09-2019 21:35:47.633 [main] INFO  org.hibernate.cfg.Environment.<clinit> - HHH000206: hibernate.properties not found
09-09-2019 21:35:47.890 [main] INFO  o.h.annotations.common.Version.<clinit> - HCANN000001: Hibernate Commons Annotations {5.0.4.Final}
09-09-2019 21:35:48.162 [main] INFO  org.hibernate.dialect.Dialect.<init> - HHH000400: Using dialect: org.hibernate.dialect.MySQL5InnoDBDialect
09-09-2019 21:35:50.071 [main] INFO  o.h.t.s.internal.SchemaCreatorImpl.applyImportSources - HHH000476: Executing import script 'org.hibernate.tool.schema.internal.exec.ScriptSourceInputNonExistentImpl@15a8cebd'
09-09-2019 21:35:50.076 [main] INFO  o.s.o.j.LocalContainerEntityManagerFactoryBean.buildNativeEntityManagerFactory - Initialized JPA EntityManagerFactory for persistence unit 'default'
09-09-2019 21:35:51.283 [main] INFO  o.s.s.c.ThreadPoolTaskExecutor.initialize - Initializing ExecutorService 'applicationTaskExecutor'
09-09-2019 21:35:51.366 [main] WARN  o.s.b.a.o.j.JpaBaseConfiguration$JpaWebConfiguration$JpaWebMvcConfiguration.openEntityManagerInViewInterceptor - spring.jpa.open-in-view is enabled by default. Therefore, database queries may be performed during view rendering. Explicitly configure spring.jpa.open-in-view to disable this warning
09-09-2019 21:35:52.334 [main] INFO  o.s.b.w.e.tomcat.TomcatWebServer.start - Tomcat started on port(s): 8080 (http) with context path ''
09-09-2019 21:35:52.338 [main] INFO  c.i.C.CommItJavaInterviewTestApplication.logStarted - Started CommItJavaInterviewTestApplication in 9.45 seconds (JVM running for 10.396)
09-09-2019 21:36:27.083 [main] INFO  c.i.C.CommItJavaInterviewTestApplication.logStarting - Starting CommItJavaInterviewTestApplication on DESKTOP-LI7CC4R with PID 19808 (C:\Users\Smaud\Downloads\CommIT-Java-Interview-Test\CommIT-Java-Interview-Test\target\classes started by Smaud in C:\Users\Smaud\Downloads\CommIT-Java-Interview-Test\CommIT-Java-Interview-Test)
09-09-2019 21:36:27.091 [main] INFO  c.i.C.CommItJavaInterviewTestApplication.logStartupProfileInfo - No active profile set, falling back to default profiles: default
09-09-2019 21:36:28.554 [main] INFO  o.s.d.r.c.RepositoryConfigurationDelegate.registerRepositoriesIn - Bootstrapping Spring Data repositories in DEFAULT mode.
09-09-2019 21:36:28.644 [main] INFO  o.s.d.r.c.RepositoryConfigurationDelegate.registerRepositoriesIn - Finished Spring Data repository scanning in 83ms. Found 2 repository interfaces.
09-09-2019 21:36:29.180 [main] INFO  o.s.c.s.PostProcessorRegistrationDelegate$BeanPostProcessorChecker.postProcessAfterInitialization - Bean 'org.springframework.transaction.annotation.ProxyTransactionManagementConfiguration' of type [org.springframework.transaction.annotation.ProxyTransactionManagementConfiguration$$EnhancerBySpringCGLIB$$673436dd] is not eligible for getting processed by all BeanPostProcessors (for example: not eligible for auto-proxying)
09-09-2019 21:36:29.208 [main] INFO  o.s.c.s.PostProcessorRegistrationDelegate$BeanPostProcessorChecker.postProcessAfterInitialization - Bean 'org.springframework.hateoas.config.HateoasConfiguration' of type [org.springframework.hateoas.config.HateoasConfiguration$$EnhancerBySpringCGLIB$$e6b4840f] is not eligible for getting processed by all BeanPostProcessors (for example: not eligible for auto-proxying)
09-09-2019 21:36:29.734 [main] INFO  o.s.b.w.e.tomcat.TomcatWebServer.initialize - Tomcat initialized with port(s): 8080 (http)
09-09-2019 21:36:29.760 [main] INFO  o.a.catalina.core.StandardService.log - Starting service [Tomcat]
09-09-2019 21:36:29.761 [main] INFO  o.a.catalina.core.StandardEngine.log - Starting Servlet engine: [Apache Tomcat/9.0.22]
09-09-2019 21:36:29.900 [main] INFO  o.a.c.c.C.[Tomcat].[localhost].[/].log - Initializing Spring embedded WebApplicationContext
09-09-2019 21:36:29.900 [main] INFO  o.s.web.context.ContextLoader.prepareWebApplicationContext - Root WebApplicationContext: initialization completed in 2660 ms
09-09-2019 21:36:30.259 [main] INFO  com.zaxxer.hikari.HikariDataSource.getConnection - HikariPool-1 - Starting...
09-09-2019 21:36:30.263 [main] WARN  c.z.hikari.util.DriverDataSource.<init> - Registered driver with driverClassName=com.mysql.jdbc.Driver was not found, trying direct instantiation.
09-09-2019 21:36:30.427 [main] INFO  com.zaxxer.hikari.HikariDataSource.getConnection - HikariPool-1 - Start completed.
09-09-2019 21:36:30.495 [main] INFO  o.h.jpa.internal.util.LogHelper.logPersistenceUnitInformation - HHH000204: Processing PersistenceUnitInfo [
	name: default
	...]
09-09-2019 21:36:30.582 [main] INFO  org.hibernate.Version.logVersion - HHH000412: Hibernate Core {5.3.10.Final}
09-09-2019 21:36:30.584 [main] INFO  org.hibernate.cfg.Environment.<clinit> - HHH000206: hibernate.properties not found
09-09-2019 21:36:30.750 [main] INFO  o.h.annotations.common.Version.<clinit> - HCANN000001: Hibernate Commons Annotations {5.0.4.Final}
09-09-2019 21:36:30.944 [main] INFO  org.hibernate.dialect.Dialect.<init> - HHH000400: Using dialect: org.hibernate.dialect.MySQL5InnoDBDialect
09-09-2019 21:36:32.069 [main] INFO  o.h.t.s.internal.SchemaCreatorImpl.applyImportSources - HHH000476: Executing import script 'org.hibernate.tool.schema.internal.exec.ScriptSourceInputNonExistentImpl@33d230ce'
09-09-2019 21:36:32.071 [main] INFO  o.s.o.j.LocalContainerEntityManagerFactoryBean.buildNativeEntityManagerFactory - Initialized JPA EntityManagerFactory for persistence unit 'default'
09-09-2019 21:36:33.354 [main] INFO  o.s.s.c.ThreadPoolTaskExecutor.initialize - Initializing ExecutorService 'applicationTaskExecutor'
09-09-2019 21:36:33.466 [main] WARN  o.s.b.a.o.j.JpaBaseConfiguration$JpaWebConfiguration$JpaWebMvcConfiguration.openEntityManagerInViewInterceptor - spring.jpa.open-in-view is enabled by default. Therefore, database queries may be performed during view rendering. Explicitly configure spring.jpa.open-in-view to disable this warning
09-09-2019 21:36:34.315 [main] INFO  o.s.b.w.e.tomcat.TomcatWebServer.start - Tomcat started on port(s): 8080 (http) with context path ''
09-09-2019 21:36:34.318 [main] INFO  c.i.C.CommItJavaInterviewTestApplication.logStarted - Started CommItJavaInterviewTestApplication in 7.816 seconds (JVM running for 8.344)
09-09-2019 21:41:28.558 [main] INFO  c.i.C.CommItJavaInterviewTestApplication.logStarting - Starting CommItJavaInterviewTestApplication on DESKTOP-LI7CC4R with PID 15436 (C:\Users\Smaud\Downloads\CommIT-Java-Interview-Test\CommIT-Java-Interview-Test\target\classes started by Smaud in C:\Users\Smaud\Downloads\CommIT-Java-Interview-Test\CommIT-Java-Interview-Test)
09-09-2019 21:41:28.571 [main] INFO  c.i.C.CommItJavaInterviewTestApplication.logStartupProfileInfo - No active profile set, falling back to default profiles: default
09-09-2019 21:41:30.018 [main] INFO  o.s.d.r.c.RepositoryConfigurationDelegate.registerRepositoriesIn - Bootstrapping Spring Data repositories in DEFAULT mode.
09-09-2019 21:41:30.126 [main] INFO  o.s.d.r.c.RepositoryConfigurationDelegate.registerRepositoriesIn - Finished Spring Data repository scanning in 88ms. Found 2 repository interfaces.
09-09-2019 21:41:30.666 [main] INFO  o.s.c.s.PostProcessorRegistrationDelegate$BeanPostProcessorChecker.postProcessAfterInitialization - Bean 'org.springframework.transaction.annotation.ProxyTransactionManagementConfiguration' of type [org.springframework.transaction.annotation.ProxyTransactionManagementConfiguration$$EnhancerBySpringCGLIB$$54fd1f04] is not eligible for getting processed by all BeanPostProcessors (for example: not eligible for auto-proxying)
09-09-2019 21:41:30.691 [main] INFO  o.s.c.s.PostProcessorRegistrationDelegate$BeanPostProcessorChecker.postProcessAfterInitialization - Bean 'org.springframework.hateoas.config.HateoasConfiguration' of type [org.springframework.hateoas.config.HateoasConfiguration$$EnhancerBySpringCGLIB$$d47d6c36] is not eligible for getting processed by all BeanPostProcessors (for example: not eligible for auto-proxying)
09-09-2019 21:41:31.237 [main] INFO  o.s.b.w.e.tomcat.TomcatWebServer.initialize - Tomcat initialized with port(s): 8080 (http)
09-09-2019 21:41:31.270 [main] INFO  o.a.catalina.core.StandardService.log - Starting service [Tomcat]
09-09-2019 21:41:31.270 [main] INFO  o.a.catalina.core.StandardEngine.log - Starting Servlet engine: [Apache Tomcat/9.0.22]
09-09-2019 21:41:31.430 [main] INFO  o.a.c.c.C.[Tomcat].[localhost].[/].log - Initializing Spring embedded WebApplicationContext
09-09-2019 21:41:31.431 [main] INFO  o.s.web.context.ContextLoader.prepareWebApplicationContext - Root WebApplicationContext: initialization completed in 2740 ms
09-09-2019 21:41:31.839 [main] INFO  com.zaxxer.hikari.HikariDataSource.getConnection - HikariPool-1 - Starting...
09-09-2019 21:41:31.843 [main] WARN  c.z.hikari.util.DriverDataSource.<init> - Registered driver with driverClassName=com.mysql.jdbc.Driver was not found, trying direct instantiation.
09-09-2019 21:41:32.076 [main] INFO  com.zaxxer.hikari.HikariDataSource.getConnection - HikariPool-1 - Start completed.
09-09-2019 21:41:32.165 [main] INFO  o.h.jpa.internal.util.LogHelper.logPersistenceUnitInformation - HHH000204: Processing PersistenceUnitInfo [
	name: default
	...]
09-09-2019 21:41:32.292 [main] INFO  org.hibernate.Version.logVersion - HHH000412: Hibernate Core {5.3.10.Final}
09-09-2019 21:41:32.295 [main] INFO  org.hibernate.cfg.Environment.<clinit> - HHH000206: hibernate.properties not found
09-09-2019 21:41:32.658 [main] INFO  o.h.annotations.common.Version.<clinit> - HCANN000001: Hibernate Commons Annotations {5.0.4.Final}
09-09-2019 21:41:32.841 [main] INFO  org.hibernate.dialect.Dialect.<init> - HHH000400: Using dialect: org.hibernate.dialect.MySQL5InnoDBDialect
09-09-2019 21:41:33.957 [main] INFO  o.h.t.s.internal.SchemaCreatorImpl.applyImportSources - HHH000476: Executing import script 'org.hibernate.tool.schema.internal.exec.ScriptSourceInputNonExistentImpl@74c121d4'
09-09-2019 21:41:33.959 [main] INFO  o.s.o.j.LocalContainerEntityManagerFactoryBean.buildNativeEntityManagerFactory - Initialized JPA EntityManagerFactory for persistence unit 'default'
09-09-2019 21:41:34.980 [main] INFO  o.s.s.c.ThreadPoolTaskExecutor.initialize - Initializing ExecutorService 'applicationTaskExecutor'
09-09-2019 21:41:35.060 [main] WARN  o.s.b.a.o.j.JpaBaseConfiguration$JpaWebConfiguration$JpaWebMvcConfiguration.openEntityManagerInViewInterceptor - spring.jpa.open-in-view is enabled by default. Therefore, database queries may be performed during view rendering. Explicitly configure spring.jpa.open-in-view to disable this warning
09-09-2019 21:41:35.917 [main] INFO  o.s.b.w.e.tomcat.TomcatWebServer.start - Tomcat started on port(s): 8080 (http) with context path ''
09-09-2019 21:41:35.920 [main] INFO  c.i.C.CommItJavaInterviewTestApplication.logStarted - Started CommItJavaInterviewTestApplication in 8.112 seconds (JVM running for 9.001)
09-09-2019 21:42:45.076 [http-nio-8080-exec-1] INFO  o.a.c.c.C.[Tomcat].[localhost].[/].log - Initializing Spring DispatcherServlet 'dispatcherServlet'
09-09-2019 21:42:45.076 [http-nio-8080-exec-1] INFO  o.s.web.servlet.DispatcherServlet.initServletBean - Initializing Servlet 'dispatcherServlet'
09-09-2019 21:42:45.103 [http-nio-8080-exec-1] INFO  o.s.web.servlet.DispatcherServlet.initServletBean - Completed initialization in 27 ms
09-09-2019 21:42:45.194 [http-nio-8080-exec-1] WARN  o.s.w.s.m.s.DefaultHandlerExceptionResolver.logException - Resolved [org.springframework.web.method.annotation.MethodArgumentTypeMismatchException: Failed to convert value of type 'java.lang.String' to required type 'java.lang.Long'; nested exception is java.lang.NumberFormatException: For input string: "dele"]
09-09-2019 21:42:50.853 [http-nio-8080-exec-4] WARN  o.s.w.s.m.s.DefaultHandlerExceptionResolver.logException - Resolved [org.springframework.web.HttpRequestMethodNotSupportedException: Request method 'GET' not supported]
09-09-2019 21:45:48.954 [main] INFO  c.i.C.CommItJavaInterviewTestApplication.logStarting - Starting CommItJavaInterviewTestApplication on DESKTOP-LI7CC4R with PID 16928 (C:\Users\Smaud\Downloads\CommIT-Java-Interview-Test\CommIT-Java-Interview-Test\target\classes started by Smaud in C:\Users\Smaud\Downloads\CommIT-Java-Interview-Test\CommIT-Java-Interview-Test)
09-09-2019 21:45:48.961 [main] INFO  c.i.C.CommItJavaInterviewTestApplication.logStartupProfileInfo - No active profile set, falling back to default profiles: default
09-09-2019 21:45:50.160 [main] INFO  o.s.d.r.c.RepositoryConfigurationDelegate.registerRepositoriesIn - Bootstrapping Spring Data repositories in DEFAULT mode.
09-09-2019 21:45:50.281 [main] INFO  o.s.d.r.c.RepositoryConfigurationDelegate.registerRepositoriesIn - Finished Spring Data repository scanning in 113ms. Found 2 repository interfaces.
09-09-2019 21:45:50.965 [main] INFO  o.s.c.s.PostProcessorRegistrationDelegate$BeanPostProcessorChecker.postProcessAfterInitialization - Bean 'org.springframework.transaction.annotation.ProxyTransactionManagementConfiguration' of type [org.springframework.transaction.annotation.ProxyTransactionManagementConfiguration$$EnhancerBySpringCGLIB$$fdb646fa] is not eligible for getting processed by all BeanPostProcessors (for example: not eligible for auto-proxying)
09-09-2019 21:45:50.992 [main] INFO  o.s.c.s.PostProcessorRegistrationDelegate$BeanPostProcessorChecker.postProcessAfterInitialization - Bean 'org.springframework.hateoas.config.HateoasConfiguration' of type [org.springframework.hateoas.config.HateoasConfiguration$$EnhancerBySpringCGLIB$$7d36942c] is not eligible for getting processed by all BeanPostProcessors (for example: not eligible for auto-proxying)
09-09-2019 21:45:51.506 [main] INFO  o.s.b.w.e.tomcat.TomcatWebServer.initialize - Tomcat initialized with port(s): 8080 (http)
09-09-2019 21:45:51.529 [main] INFO  o.a.catalina.core.StandardService.log - Starting service [Tomcat]
09-09-2019 21:45:51.532 [main] INFO  o.a.catalina.core.StandardEngine.log - Starting Servlet engine: [Apache Tomcat/9.0.22]
09-09-2019 21:45:51.699 [main] INFO  o.a.c.c.C.[Tomcat].[localhost].[/].log - Initializing Spring embedded WebApplicationContext
09-09-2019 21:45:51.699 [main] INFO  o.s.web.context.ContextLoader.prepareWebApplicationContext - Root WebApplicationContext: initialization completed in 2613 ms
09-09-2019 21:45:52.174 [main] INFO  com.zaxxer.hikari.HikariDataSource.getConnection - HikariPool-1 - Starting...
09-09-2019 21:45:52.181 [main] WARN  c.z.hikari.util.DriverDataSource.<init> - Registered driver with driverClassName=com.mysql.jdbc.Driver was not found, trying direct instantiation.
09-09-2019 21:45:52.372 [main] INFO  com.zaxxer.hikari.HikariDataSource.getConnection - HikariPool-1 - Start completed.
09-09-2019 21:45:52.456 [main] INFO  o.h.jpa.internal.util.LogHelper.logPersistenceUnitInformation - HHH000204: Processing PersistenceUnitInfo [
	name: default
	...]
09-09-2019 21:45:52.562 [main] INFO  org.hibernate.Version.logVersion - HHH000412: Hibernate Core {5.3.10.Final}
09-09-2019 21:45:52.564 [main] INFO  org.hibernate.cfg.Environment.<clinit> - HHH000206: hibernate.properties not found
09-09-2019 21:45:52.740 [main] INFO  o.h.annotations.common.Version.<clinit> - HCANN000001: Hibernate Commons Annotations {5.0.4.Final}
09-09-2019 21:45:52.953 [main] INFO  org.hibernate.dialect.Dialect.<init> - HHH000400: Using dialect: org.hibernate.dialect.MySQL5InnoDBDialect
09-09-2019 21:45:54.093 [main] INFO  o.h.t.s.internal.SchemaCreatorImpl.applyImportSources - HHH000476: Executing import script 'org.hibernate.tool.schema.internal.exec.ScriptSourceInputNonExistentImpl@28989415'
09-09-2019 21:45:54.097 [main] INFO  o.s.o.j.LocalContainerEntityManagerFactoryBean.buildNativeEntityManagerFactory - Initialized JPA EntityManagerFactory for persistence unit 'default'
09-09-2019 21:45:55.101 [main] INFO  o.s.s.c.ThreadPoolTaskExecutor.initialize - Initializing ExecutorService 'applicationTaskExecutor'
09-09-2019 21:45:55.166 [main] WARN  o.s.b.a.o.j.JpaBaseConfiguration$JpaWebConfiguration$JpaWebMvcConfiguration.openEntityManagerInViewInterceptor - spring.jpa.open-in-view is enabled by default. Therefore, database queries may be performed during view rendering. Explicitly configure spring.jpa.open-in-view to disable this warning
09-09-2019 21:45:55.981 [main] INFO  o.s.b.w.e.tomcat.TomcatWebServer.start - Tomcat started on port(s): 8080 (http) with context path ''
09-09-2019 21:45:55.985 [main] INFO  c.i.C.CommItJavaInterviewTestApplication.logStarted - Started CommItJavaInterviewTestApplication in 7.513 seconds (JVM running for 8.028)
09-09-2019 21:46:27.088 [http-nio-8080-exec-3] INFO  o.a.c.c.C.[Tomcat].[localhost].[/].log - Initializing Spring DispatcherServlet 'dispatcherServlet'
09-09-2019 21:46:27.088 [http-nio-8080-exec-3] INFO  o.s.web.servlet.DispatcherServlet.initServletBean - Initializing Servlet 'dispatcherServlet'
09-09-2019 21:46:27.145 [http-nio-8080-exec-3] INFO  o.s.web.servlet.DispatcherServlet.initServletBean - Completed initialization in 57 ms
09-09-2019 21:47:00.407 [http-nio-8080-exec-4] WARN  o.s.w.s.m.s.DefaultHandlerExceptionResolver.logException - Resolved [org.springframework.web.HttpRequestMethodNotSupportedException: Request method 'POST' not supported]
09-09-2019 21:47:07.092 [http-nio-8080-exec-2] INFO  o.h.h.i.QueryTranslatorFactoryInitiator.initiateService - HHH000397: Using ASTQueryTranslatorFactory
09-09-2019 21:52:45.863 [main] INFO  c.i.C.CommItJavaInterviewTestApplication.logStarting - Starting CommItJavaInterviewTestApplication on DESKTOP-LI7CC4R with PID 19172 (C:\Users\Smaud\Downloads\CommIT-Java-Interview-Test\CommIT-Java-Interview-Test\target\classes started by Smaud in C:\Users\Smaud\Downloads\CommIT-Java-Interview-Test\CommIT-Java-Interview-Test)
09-09-2019 21:52:45.868 [main] INFO  c.i.C.CommItJavaInterviewTestApplication.logStartupProfileInfo - No active profile set, falling back to default profiles: default
09-09-2019 21:52:46.932 [main] INFO  o.s.d.r.c.RepositoryConfigurationDelegate.registerRepositoriesIn - Bootstrapping Spring Data repositories in DEFAULT mode.
09-09-2019 21:52:47.016 [main] INFO  o.s.d.r.c.RepositoryConfigurationDelegate.registerRepositoriesIn - Finished Spring Data repository scanning in 72ms. Found 2 repository interfaces.
09-09-2019 21:52:47.639 [main] INFO  o.s.c.s.PostProcessorRegistrationDelegate$BeanPostProcessorChecker.postProcessAfterInitialization - Bean 'org.springframework.transaction.annotation.ProxyTransactionManagementConfiguration' of type [org.springframework.transaction.annotation.ProxyTransactionManagementConfiguration$$EnhancerBySpringCGLIB$$b16c7a97] is not eligible for getting processed by all BeanPostProcessors (for example: not eligible for auto-proxying)
09-09-2019 21:52:47.683 [main] INFO  o.s.c.s.PostProcessorRegistrationDelegate$BeanPostProcessorChecker.postProcessAfterInitialization - Bean 'org.springframework.hateoas.config.HateoasConfiguration' of type [org.springframework.hateoas.config.HateoasConfiguration$$EnhancerBySpringCGLIB$$30ecc7c9] is not eligible for getting processed by all BeanPostProcessors (for example: not eligible for auto-proxying)
09-09-2019 21:52:48.331 [main] INFO  o.s.b.w.e.tomcat.TomcatWebServer.initialize - Tomcat initialized with port(s): 8080 (http)
09-09-2019 21:52:48.388 [main] INFO  o.a.catalina.core.StandardService.log - Starting service [Tomcat]
09-09-2019 21:52:48.390 [main] INFO  o.a.catalina.core.StandardEngine.log - Starting Servlet engine: [Apache Tomcat/9.0.22]
09-09-2019 21:52:48.587 [main] INFO  o.a.c.c.C.[Tomcat].[localhost].[/].log - Initializing Spring embedded WebApplicationContext
09-09-2019 21:52:48.587 [main] INFO  o.s.web.context.ContextLoader.prepareWebApplicationContext - Root WebApplicationContext: initialization completed in 2642 ms
09-09-2019 21:52:48.935 [main] INFO  com.zaxxer.hikari.HikariDataSource.getConnection - HikariPool-1 - Starting...
09-09-2019 21:52:48.939 [main] WARN  c.z.hikari.util.DriverDataSource.<init> - Registered driver with driverClassName=com.mysql.jdbc.Driver was not found, trying direct instantiation.
09-09-2019 21:52:49.119 [main] INFO  com.zaxxer.hikari.HikariDataSource.getConnection - HikariPool-1 - Start completed.
09-09-2019 21:52:49.191 [main] INFO  o.h.jpa.internal.util.LogHelper.logPersistenceUnitInformation - HHH000204: Processing PersistenceUnitInfo [
	name: default
	...]
09-09-2019 21:52:49.278 [main] INFO  org.hibernate.Version.logVersion - HHH000412: Hibernate Core {5.3.10.Final}
09-09-2019 21:52:49.280 [main] INFO  org.hibernate.cfg.Environment.<clinit> - HHH000206: hibernate.properties not found
09-09-2019 21:52:49.447 [main] INFO  o.h.annotations.common.Version.<clinit> - HCANN000001: Hibernate Commons Annotations {5.0.4.Final}
09-09-2019 21:52:49.649 [main] INFO  org.hibernate.dialect.Dialect.<init> - HHH000400: Using dialect: org.hibernate.dialect.MySQL5InnoDBDialect
09-09-2019 21:52:50.738 [main] INFO  o.h.t.s.internal.SchemaCreatorImpl.applyImportSources - HHH000476: Executing import script 'org.hibernate.tool.schema.internal.exec.ScriptSourceInputNonExistentImpl@7b5021d1'
09-09-2019 21:52:50.745 [main] INFO  o.s.o.j.LocalContainerEntityManagerFactoryBean.buildNativeEntityManagerFactory - Initialized JPA EntityManagerFactory for persistence unit 'default'
09-09-2019 21:52:51.762 [main] INFO  o.s.s.c.ThreadPoolTaskExecutor.initialize - Initializing ExecutorService 'applicationTaskExecutor'
09-09-2019 21:52:51.837 [main] WARN  o.s.b.a.o.j.JpaBaseConfiguration$JpaWebConfiguration$JpaWebMvcConfiguration.openEntityManagerInViewInterceptor - spring.jpa.open-in-view is enabled by default. Therefore, database queries may be performed during view rendering. Explicitly configure spring.jpa.open-in-view to disable this warning
09-09-2019 21:52:52.560 [main] INFO  o.s.b.w.e.tomcat.TomcatWebServer.start - Tomcat started on port(s): 8080 (http) with context path ''
09-09-2019 21:52:52.565 [main] INFO  c.i.C.CommItJavaInterviewTestApplication.logStarted - Started CommItJavaInterviewTestApplication in 7.153 seconds (JVM running for 7.687)
09-09-2019 21:53:09.731 [main] INFO  c.i.C.CommItJavaInterviewTestApplication.logStarting - Starting CommItJavaInterviewTestApplication on DESKTOP-LI7CC4R with PID 15748 (C:\Users\Smaud\Downloads\CommIT-Java-Interview-Test\CommIT-Java-Interview-Test\target\classes started by Smaud in C:\Users\Smaud\Downloads\CommIT-Java-Interview-Test\CommIT-Java-Interview-Test)
09-09-2019 21:53:09.735 [main] INFO  c.i.C.CommItJavaInterviewTestApplication.logStartupProfileInfo - No active profile set, falling back to default profiles: default
09-09-2019 21:53:10.823 [main] INFO  o.s.d.r.c.RepositoryConfigurationDelegate.registerRepositoriesIn - Bootstrapping Spring Data repositories in DEFAULT mode.
09-09-2019 21:53:10.923 [main] INFO  o.s.d.r.c.RepositoryConfigurationDelegate.registerRepositoriesIn - Finished Spring Data repository scanning in 87ms. Found 2 repository interfaces.
09-09-2019 21:53:11.531 [main] INFO  o.s.c.s.PostProcessorRegistrationDelegate$BeanPostProcessorChecker.postProcessAfterInitialization - Bean 'org.springframework.transaction.annotation.ProxyTransactionManagementConfiguration' of type [org.springframework.transaction.annotation.ProxyTransactionManagementConfiguration$$EnhancerBySpringCGLIB$$41611557] is not eligible for getting processed by all BeanPostProcessors (for example: not eligible for auto-proxying)
09-09-2019 21:53:11.551 [main] INFO  o.s.c.s.PostProcessorRegistrationDelegate$BeanPostProcessorChecker.postProcessAfterInitialization - Bean 'org.springframework.hateoas.config.HateoasConfiguration' of type [org.springframework.hateoas.config.HateoasConfiguration$$EnhancerBySpringCGLIB$$c0e16289] is not eligible for getting processed by all BeanPostProcessors (for example: not eligible for auto-proxying)
09-09-2019 21:53:12.042 [main] INFO  o.s.b.w.e.tomcat.TomcatWebServer.initialize - Tomcat initialized with port(s): 8080 (http)
09-09-2019 21:53:12.067 [main] INFO  o.a.catalina.core.StandardService.log - Starting service [Tomcat]
09-09-2019 21:53:12.069 [main] INFO  o.a.catalina.core.StandardEngine.log - Starting Servlet engine: [Apache Tomcat/9.0.22]
09-09-2019 21:53:12.220 [main] INFO  o.a.c.c.C.[Tomcat].[localhost].[/].log - Initializing Spring embedded WebApplicationContext
09-09-2019 21:53:12.223 [main] INFO  o.s.web.context.ContextLoader.prepareWebApplicationContext - Root WebApplicationContext: initialization completed in 2405 ms
09-09-2019 21:53:12.589 [main] INFO  com.zaxxer.hikari.HikariDataSource.getConnection - HikariPool-1 - Starting...
09-09-2019 21:53:12.592 [main] WARN  c.z.hikari.util.DriverDataSource.<init> - Registered driver with driverClassName=com.mysql.jdbc.Driver was not found, trying direct instantiation.
09-09-2019 21:53:12.779 [main] INFO  com.zaxxer.hikari.HikariDataSource.getConnection - HikariPool-1 - Start completed.
09-09-2019 21:53:12.848 [main] INFO  o.h.jpa.internal.util.LogHelper.logPersistenceUnitInformation - HHH000204: Processing PersistenceUnitInfo [
	name: default
	...]
09-09-2019 21:53:12.925 [main] INFO  org.hibernate.Version.logVersion - HHH000412: Hibernate Core {5.3.10.Final}
09-09-2019 21:53:12.929 [main] INFO  org.hibernate.cfg.Environment.<clinit> - HHH000206: hibernate.properties not found
09-09-2019 21:53:13.108 [main] INFO  o.h.annotations.common.Version.<clinit> - HCANN000001: Hibernate Commons Annotations {5.0.4.Final}
09-09-2019 21:53:13.278 [main] INFO  org.hibernate.dialect.Dialect.<init> - HHH000400: Using dialect: org.hibernate.dialect.MySQL5InnoDBDialect
09-09-2019 21:53:14.361 [main] INFO  o.h.t.s.internal.SchemaCreatorImpl.applyImportSources - HHH000476: Executing import script 'org.hibernate.tool.schema.internal.exec.ScriptSourceInputNonExistentImpl@3cc3f13e'
09-09-2019 21:53:14.364 [main] INFO  o.s.o.j.LocalContainerEntityManagerFactoryBean.buildNativeEntityManagerFactory - Initialized JPA EntityManagerFactory for persistence unit 'default'
09-09-2019 21:53:15.428 [main] INFO  o.s.s.c.ThreadPoolTaskExecutor.initialize - Initializing ExecutorService 'applicationTaskExecutor'
09-09-2019 21:53:15.721 [main] WARN  o.s.b.a.o.j.JpaBaseConfiguration$JpaWebConfiguration$JpaWebMvcConfiguration.openEntityManagerInViewInterceptor - spring.jpa.open-in-view is enabled by default. Therefore, database queries may be performed during view rendering. Explicitly configure spring.jpa.open-in-view to disable this warning
09-09-2019 21:53:16.324 [main] INFO  o.s.b.w.e.tomcat.TomcatWebServer.start - Tomcat started on port(s): 8080 (http) with context path ''
09-09-2019 21:53:16.327 [main] INFO  c.i.C.CommItJavaInterviewTestApplication.logStarted - Started CommItJavaInterviewTestApplication in 7.041 seconds (JVM running for 7.56)
09-09-2019 21:53:27.903 [http-nio-8080-exec-2] INFO  o.a.c.c.C.[Tomcat].[localhost].[/].log - Initializing Spring DispatcherServlet 'dispatcherServlet'
09-09-2019 21:53:27.904 [http-nio-8080-exec-2] INFO  o.s.web.servlet.DispatcherServlet.initServletBean - Initializing Servlet 'dispatcherServlet'
09-09-2019 21:53:27.986 [http-nio-8080-exec-2] INFO  o.s.web.servlet.DispatcherServlet.initServletBean - Completed initialization in 82 ms
09-09-2019 21:53:50.245 [http-nio-8080-exec-3] INFO  o.h.h.i.QueryTranslatorFactoryInitiator.initiateService - HHH000397: Using ASTQueryTranslatorFactory
09-09-2019 21:59:13.395 [http-nio-8080-exec-6] WARN  o.s.w.s.m.s.DefaultHandlerExceptionResolver.logException - Resolved [org.springframework.http.converter.HttpMessageNotReadableException: JSON parse error: Unexpected character ('n' (code 110)): was expecting double-quote to start field name; nested exception is com.fasterxml.jackson.core.JsonParseException: Unexpected character ('n' (code 110)): was expecting double-quote to start field name
 at [Source: (PushbackInputStream); line: 2, column: 3]]
09-09-2019 21:59:31.446 [http-nio-8080-exec-8] WARN  o.s.w.s.m.s.DefaultHandlerExceptionResolver.logException - Resolved [org.springframework.http.converter.HttpMessageNotReadableException: JSON parse error: Unexpected character ('n' (code 110)): was expecting double-quote to start field name; nested exception is com.fasterxml.jackson.core.JsonParseException: Unexpected character ('n' (code 110)): was expecting double-quote to start field name
 at [Source: (PushbackInputStream); line: 2, column: 3]]
09-09-2019 22:00:17.591 [http-nio-8080-exec-10] ERROR c.i.C.service.QuoteServiceImpl.createQoute - {"errorCode":3,"description":"the price needs to be bigger then zero"}
09-09-2019 22:18:53.683 [HikariPool-1 housekeeper] WARN  com.zaxxer.hikari.pool.HikariPool.run - HikariPool-1 - Thread starvation or clock leap detected (housekeeper delta=1m40s667ms88µs972ns).
09-09-2019 22:46:43.778 [main] INFO  c.i.C.CommItJavaInterviewTestApplication.logStarting - Starting CommItJavaInterviewTestApplication on DESKTOP-LI7CC4R with PID 12332 (C:\Users\Smaud\Downloads\CommIT-Java-Interview-Test\CommIT-Java-Interview-Test\target\classes started by Smaud in C:\Users\Smaud\Downloads\CommIT-Java-Interview-Test\CommIT-Java-Interview-Test)
09-09-2019 22:46:43.783 [main] INFO  c.i.C.CommItJavaInterviewTestApplication.logStartupProfileInfo - No active profile set, falling back to default profiles: default
09-09-2019 22:46:44.909 [main] INFO  o.s.d.r.c.RepositoryConfigurationDelegate.registerRepositoriesIn - Bootstrapping Spring Data repositories in DEFAULT mode.
09-09-2019 22:46:44.987 [main] INFO  o.s.d.r.c.RepositoryConfigurationDelegate.registerRepositoriesIn - Finished Spring Data repository scanning in 68ms. Found 3 repository interfaces.
09-09-2019 22:46:45.534 [main] INFO  o.s.c.s.PostProcessorRegistrationDelegate$BeanPostProcessorChecker.postProcessAfterInitialization - Bean 'org.springframework.transaction.annotation.ProxyTransactionManagementConfiguration' of type [org.springframework.transaction.annotation.ProxyTransactionManagementConfiguration$$EnhancerBySpringCGLIB$$1556b657] is not eligible for getting processed by all BeanPostProcessors (for example: not eligible for auto-proxying)
09-09-2019 22:46:45.563 [main] INFO  o.s.c.s.PostProcessorRegistrationDelegate$BeanPostProcessorChecker.postProcessAfterInitialization - Bean 'org.springframework.hateoas.config.HateoasConfiguration' of type [org.springframework.hateoas.config.HateoasConfiguration$$EnhancerBySpringCGLIB$$94d70389] is not eligible for getting processed by all BeanPostProcessors (for example: not eligible for auto-proxying)
09-09-2019 22:46:46.088 [main] INFO  o.s.b.w.e.tomcat.TomcatWebServer.initialize - Tomcat initialized with port(s): 8080 (http)
09-09-2019 22:46:46.111 [main] INFO  o.a.catalina.core.StandardService.log - Starting service [Tomcat]
09-09-2019 22:46:46.114 [main] INFO  o.a.catalina.core.StandardEngine.log - Starting Servlet engine: [Apache Tomcat/9.0.22]
09-09-2019 22:46:46.265 [main] INFO  o.a.c.c.C.[Tomcat].[localhost].[/].log - Initializing Spring embedded WebApplicationContext
09-09-2019 22:46:46.265 [main] INFO  o.s.web.context.ContextLoader.prepareWebApplicationContext - Root WebApplicationContext: initialization completed in 2404 ms
09-09-2019 22:46:46.611 [main] INFO  com.zaxxer.hikari.HikariDataSource.getConnection - HikariPool-1 - Starting...
09-09-2019 22:46:46.613 [main] WARN  c.z.hikari.util.DriverDataSource.<init> - Registered driver with driverClassName=com.mysql.jdbc.Driver was not found, trying direct instantiation.
09-09-2019 22:46:46.761 [main] INFO  com.zaxxer.hikari.HikariDataSource.getConnection - HikariPool-1 - Start completed.
09-09-2019 22:46:46.833 [main] INFO  o.h.jpa.internal.util.LogHelper.logPersistenceUnitInformation - HHH000204: Processing PersistenceUnitInfo [
	name: default
	...]
09-09-2019 22:46:46.939 [main] INFO  org.hibernate.Version.logVersion - HHH000412: Hibernate Core {5.3.10.Final}
09-09-2019 22:46:46.941 [main] INFO  org.hibernate.cfg.Environment.<clinit> - HHH000206: hibernate.properties not found
09-09-2019 22:46:47.163 [main] INFO  o.h.annotations.common.Version.<clinit> - HCANN000001: Hibernate Commons Annotations {5.0.4.Final}
09-09-2019 22:46:47.352 [main] INFO  org.hibernate.dialect.Dialect.<init> - HHH000400: Using dialect: org.hibernate.dialect.MySQL5InnoDBDialect
09-09-2019 22:46:48.413 [main] INFO  o.h.t.s.internal.SchemaCreatorImpl.applyImportSources - HHH000476: Executing import script 'org.hibernate.tool.schema.internal.exec.ScriptSourceInputNonExistentImpl@1216eb3f'
09-09-2019 22:46:48.417 [main] INFO  o.s.o.j.LocalContainerEntityManagerFactoryBean.buildNativeEntityManagerFactory - Initialized JPA EntityManagerFactory for persistence unit 'default'
09-09-2019 22:46:49.632 [main] INFO  o.s.s.c.ThreadPoolTaskExecutor.initialize - Initializing ExecutorService 'applicationTaskExecutor'
09-09-2019 22:46:49.704 [main] WARN  o.s.b.a.o.j.JpaBaseConfiguration$JpaWebConfiguration$JpaWebMvcConfiguration.openEntityManagerInViewInterceptor - spring.jpa.open-in-view is enabled by default. Therefore, database queries may be performed during view rendering. Explicitly configure spring.jpa.open-in-view to disable this warning
09-09-2019 22:46:50.404 [main] INFO  o.s.b.w.e.tomcat.TomcatWebServer.start - Tomcat started on port(s): 8080 (http) with context path ''
09-09-2019 22:46:50.411 [main] INFO  c.i.C.CommItJavaInterviewTestApplication.logStarted - Started CommItJavaInterviewTestApplication in 7.145 seconds (JVM running for 7.673)
09-09-2019 22:47:22.344 [http-nio-8080-exec-2] INFO  o.a.c.c.C.[Tomcat].[localhost].[/].log - Initializing Spring DispatcherServlet 'dispatcherServlet'
09-09-2019 22:47:22.345 [http-nio-8080-exec-2] INFO  o.s.web.servlet.DispatcherServlet.initServletBean - Initializing Servlet 'dispatcherServlet'
09-09-2019 22:47:22.413 [http-nio-8080-exec-2] INFO  o.s.web.servlet.DispatcherServlet.initServletBean - Completed initialization in 68 ms
09-09-2019 23:12:09.094 [HikariPool-1 housekeeper] WARN  com.zaxxer.hikari.pool.HikariPool.run - HikariPool-1 - Thread starvation or clock leap detected (housekeeper delta=1m52s102ms214µs2ns).
09-09-2019 23:15:17.497 [main] INFO  c.i.C.CommItJavaInterviewTestApplication.logStarting - Starting CommItJavaInterviewTestApplication on DESKTOP-LI7CC4R with PID 14808 (C:\Users\Smaud\Downloads\CommIT-Java-Interview-Test\CommIT-Java-Interview-Test\target\classes started by Smaud in C:\Users\Smaud\Downloads\CommIT-Java-Interview-Test\CommIT-Java-Interview-Test)
09-09-2019 23:15:17.503 [main] INFO  c.i.C.CommItJavaInterviewTestApplication.logStartupProfileInfo - No active profile set, falling back to default profiles: default
09-09-2019 23:15:18.756 [main] INFO  o.s.d.r.c.RepositoryConfigurationDelegate.registerRepositoriesIn - Bootstrapping Spring Data repositories in DEFAULT mode.
09-09-2019 23:15:18.881 [main] INFO  o.s.d.r.c.RepositoryConfigurationDelegate.registerRepositoriesIn - Finished Spring Data repository scanning in 111ms. Found 3 repository interfaces.
09-09-2019 23:15:19.491 [main] INFO  o.s.c.s.PostProcessorRegistrationDelegate$BeanPostProcessorChecker.postProcessAfterInitialization - Bean 'org.springframework.transaction.annotation.ProxyTransactionManagementConfiguration' of type [org.springframework.transaction.annotation.ProxyTransactionManagementConfiguration$$EnhancerBySpringCGLIB$$ddb1195d] is not eligible for getting processed by all BeanPostProcessors (for example: not eligible for auto-proxying)
09-09-2019 23:15:19.528 [main] INFO  o.s.c.s.PostProcessorRegistrationDelegate$BeanPostProcessorChecker.postProcessAfterInitialization - Bean 'org.springframework.hateoas.config.HateoasConfiguration' of type [org.springframework.hateoas.config.HateoasConfiguration$$EnhancerBySpringCGLIB$$5d31668f] is not eligible for getting processed by all BeanPostProcessors (for example: not eligible for auto-proxying)
09-09-2019 23:15:20.513 [main] INFO  o.s.b.w.e.tomcat.TomcatWebServer.initialize - Tomcat initialized with port(s): 8080 (http)
09-09-2019 23:15:20.602 [main] INFO  o.a.catalina.core.StandardService.log - Starting service [Tomcat]
09-09-2019 23:15:20.602 [main] INFO  o.a.catalina.core.StandardEngine.log - Starting Servlet engine: [Apache Tomcat/9.0.22]
09-09-2019 23:15:20.960 [main] INFO  o.a.c.c.C.[Tomcat].[localhost].[/].log - Initializing Spring embedded WebApplicationContext
09-09-2019 23:15:20.960 [main] INFO  o.s.web.context.ContextLoader.prepareWebApplicationContext - Root WebApplicationContext: initialization completed in 3368 ms
09-09-2019 23:15:21.717 [main] INFO  com.zaxxer.hikari.HikariDataSource.getConnection - HikariPool-1 - Starting...
09-09-2019 23:15:21.730 [main] WARN  c.z.hikari.util.DriverDataSource.<init> - Registered driver with driverClassName=com.mysql.jdbc.Driver was not found, trying direct instantiation.
09-09-2019 23:15:22.077 [main] INFO  com.zaxxer.hikari.HikariDataSource.getConnection - HikariPool-1 - Start completed.
09-09-2019 23:15:22.231 [main] INFO  o.h.jpa.internal.util.LogHelper.logPersistenceUnitInformation - HHH000204: Processing PersistenceUnitInfo [
	name: default
	...]
09-09-2019 23:15:22.439 [main] INFO  org.hibernate.Version.logVersion - HHH000412: Hibernate Core {5.3.10.Final}
09-09-2019 23:15:22.441 [main] INFO  org.hibernate.cfg.Environment.<clinit> - HHH000206: hibernate.properties not found
09-09-2019 23:15:23.524 [main] INFO  o.h.annotations.common.Version.<clinit> - HCANN000001: Hibernate Commons Annotations {5.0.4.Final}
09-09-2019 23:15:23.969 [main] INFO  org.hibernate.dialect.Dialect.<init> - HHH000400: Using dialect: org.hibernate.dialect.MySQL5InnoDBDialect
09-09-2019 23:15:26.153 [main] INFO  o.h.t.s.internal.SchemaCreatorImpl.applyImportSources - HHH000476: Executing import script 'org.hibernate.tool.schema.internal.exec.ScriptSourceInputNonExistentImpl@4f5c30b1'
09-09-2019 23:15:26.158 [main] INFO  o.s.o.j.LocalContainerEntityManagerFactoryBean.buildNativeEntityManagerFactory - Initialized JPA EntityManagerFactory for persistence unit 'default'
09-09-2019 23:15:28.298 [main] INFO  o.s.s.c.ThreadPoolTaskExecutor.initialize - Initializing ExecutorService 'applicationTaskExecutor'
09-09-2019 23:15:28.729 [main] WARN  o.s.b.a.o.j.JpaBaseConfiguration$JpaWebConfiguration$JpaWebMvcConfiguration.openEntityManagerInViewInterceptor - spring.jpa.open-in-view is enabled by default. Therefore, database queries may be performed during view rendering. Explicitly configure spring.jpa.open-in-view to disable this warning
09-09-2019 23:15:29.708 [main] INFO  o.s.b.w.e.tomcat.TomcatWebServer.start - Tomcat started on port(s): 8080 (http) with context path ''
09-09-2019 23:15:29.714 [main] INFO  c.i.C.CommItJavaInterviewTestApplication.logStarted - Started CommItJavaInterviewTestApplication in 12.693 seconds (JVM running for 13.311)
09-09-2019 23:15:32.523 [http-nio-8080-exec-2] INFO  o.a.c.c.C.[Tomcat].[localhost].[/].log - Initializing Spring DispatcherServlet 'dispatcherServlet'
09-09-2019 23:15:32.524 [http-nio-8080-exec-2] INFO  o.s.web.servlet.DispatcherServlet.initServletBean - Initializing Servlet 'dispatcherServlet'
09-09-2019 23:15:32.574 [http-nio-8080-exec-2] INFO  o.s.web.servlet.DispatcherServlet.initServletBean - Completed initialization in 50 ms
09-09-2019 23:15:32.687 [http-nio-8080-exec-2] INFO  o.h.h.i.QueryTranslatorFactoryInitiator.initiateService - HHH000397: Using ASTQueryTranslatorFactory
09-09-2019 23:16:38.921 [http-nio-8080-exec-5] ERROR c.i.C.service.QuoteServiceImpl.updateQuote - {"errorCode":3,"description":"the price needs to be bigger then zero"}
09-09-2019 23:17:15.112 [http-nio-8080-exec-6] WARN  o.h.e.jdbc.spi.SqlExceptionHelper.logExceptions - SQL Error: 1062, SQLState: 23000
09-09-2019 23:17:15.112 [http-nio-8080-exec-6] ERROR o.h.e.jdbc.spi.SqlExceptionHelper.logExceptions - Duplicate entry 'deal1' for key 'UK_ok38v56ka8wlo4dmpkun2s9ob'
09-09-2019 23:17:15.113 [http-nio-8080-exec-6] ERROR o.h.i.ExceptionMapperStandardImpl.mapManagedFlushFailure - HHH000346: Error during managed flush [org.hibernate.exception.ConstraintViolationException: could not execute statement]
09-09-2019 23:17:15.123 [http-nio-8080-exec-6] ERROR o.a.c.c.C.[.[.[.[dispatcherServlet].log - Servlet.service() for servlet [dispatcherServlet] in context with path [] threw exception [Request processing failed; nested exception is org.springframework.dao.DataIntegrityViolationException: could not execute statement; SQL [n/a]; constraint [UK_ok38v56ka8wlo4dmpkun2s9ob]; nested exception is org.hibernate.exception.ConstraintViolationException: could not execute statement] with root cause
java.sql.SQLIntegrityConstraintViolationException: Duplicate entry 'deal1' for key 'UK_ok38v56ka8wlo4dmpkun2s9ob'
	at com.mysql.cj.jdbc.exceptions.SQLError.createSQLException(SQLError.java:117)
	at com.mysql.cj.jdbc.exceptions.SQLError.createSQLException(SQLError.java:97)
	at com.mysql.cj.jdbc.exceptions.SQLExceptionsMapping.translateException(SQLExceptionsMapping.java:122)
	at com.mysql.cj.jdbc.ClientPreparedStatement.executeInternal(ClientPreparedStatement.java:953)
	at com.mysql.cj.jdbc.ClientPreparedStatement.executeUpdateInternal(ClientPreparedStatement.java:1092)
	at com.mysql.cj.jdbc.ClientPreparedStatement.executeUpdateInternal(ClientPreparedStatement.java:1040)
	at com.mysql.cj.jdbc.ClientPreparedStatement.executeLargeUpdate(ClientPreparedStatement.java:1340)
	at com.mysql.cj.jdbc.ClientPreparedStatement.executeUpdate(ClientPreparedStatement.java:1025)
	at com.zaxxer.hikari.pool.ProxyPreparedStatement.executeUpdate(ProxyPreparedStatement.java:61)
	at com.zaxxer.hikari.pool.HikariProxyPreparedStatement.executeUpdate(HikariProxyPreparedStatement.java)
	at org.hibernate.engine.jdbc.internal.ResultSetReturnImpl.executeUpdate(ResultSetReturnImpl.java:175)
	at org.hibernate.persister.entity.AbstractEntityPersister.update(AbstractEntityPersister.java:3360)
	at org.hibernate.persister.entity.AbstractEntityPersister.updateOrInsert(AbstractEntityPersister.java:3233)
	at org.hibernate.persister.entity.AbstractEntityPersister.update(AbstractEntityPersister.java:3634)
	at org.hibernate.action.internal.EntityUpdateAction.execute(EntityUpdateAction.java:146)
	at org.hibernate.engine.spi.ActionQueue.executeActions(ActionQueue.java:604)
	at org.hibernate.engine.spi.ActionQueue.executeActions(ActionQueue.java:478)
	at org.hibernate.event.internal.AbstractFlushingEventListener.performExecutions(AbstractFlushingEventListener.java:356)
	at org.hibernate.event.internal.DefaultFlushEventListener.onFlush(DefaultFlushEventListener.java:39)
	at org.hibernate.internal.SessionImpl.doFlush(SessionImpl.java:1454)
	at org.hibernate.internal.SessionImpl.managedFlush(SessionImpl.java:511)
	at org.hibernate.internal.SessionImpl.flushBeforeTransactionCompletion(SessionImpl.java:3290)
	at org.hibernate.internal.SessionImpl.beforeTransactionCompletion(SessionImpl.java:2486)
	at org.hibernate.engine.jdbc.internal.JdbcCoordinatorImpl.beforeTransactionCompletion(JdbcCoordinatorImpl.java:473)
	at org.hibernate.resource.transaction.backend.jdbc.internal.JdbcResourceLocalTransactionCoordinatorImpl.beforeCompletionCallback(JdbcResourceLocalTransactionCoordinatorImpl.java:178)
	at org.hibernate.resource.transaction.backend.jdbc.internal.JdbcResourceLocalTransactionCoordinatorImpl.access$300(JdbcResourceLocalTransactionCoordinatorImpl.java:39)
	at org.hibernate.resource.transaction.backend.jdbc.internal.JdbcResourceLocalTransactionCoordinatorImpl$TransactionDriverControlImpl.commit(JdbcResourceLocalTransactionCoordinatorImpl.java:271)
	at org.hibernate.engine.transaction.internal.TransactionImpl.commit(TransactionImpl.java:104)
	at org.springframework.orm.jpa.JpaTransactionManager.doCommit(JpaTransactionManager.java:532)
	at org.springframework.transaction.support.AbstractPlatformTransactionManager.processCommit(AbstractPlatformTransactionManager.java:746)
	at org.springframework.transaction.support.AbstractPlatformTransactionManager.commit(AbstractPlatformTransactionManager.java:714)
	at org.springframework.transaction.interceptor.TransactionAspectSupport.commitTransactionAfterReturning(TransactionAspectSupport.java:534)
	at org.springframework.transaction.interceptor.TransactionAspectSupport.invokeWithinTransaction(TransactionAspectSupport.java:305)
	at org.springframework.transaction.interceptor.TransactionInterceptor.invoke(TransactionInterceptor.java:98)
	at org.springframework.aop.framework.ReflectiveMethodInvocation.proceed(ReflectiveMethodInvocation.java:186)
	at org.springframework.dao.support.PersistenceExceptionTranslationInterceptor.invoke(PersistenceExceptionTranslationInterceptor.java:139)
	at org.springframework.aop.framework.ReflectiveMethodInvocation.proceed(ReflectiveMethodInvocation.java:186)
	at org.springframework.data.jpa.repository.support.CrudMethodMetadataPostProcessor$CrudMethodMetadataPopulatingMethodInterceptor.invoke(CrudMethodMetadataPostProcessor.java:144)
	at org.springframework.aop.framework.ReflectiveMethodInvocation.proceed(ReflectiveMethodInvocation.java:186)
	at org.springframework.data.jpa.repository.support.CrudMethodMetadataPostProcessor$ExposeRepositoryInvocationInterceptor.invoke(CrudMethodMetadataPostProcessor.java:364)
	at org.springframework.aop.framework.ReflectiveMethodInvocation.proceed(ReflectiveMethodInvocation.java:186)
	at org.springframework.aop.interceptor.ExposeInvocationInterceptor.invoke(ExposeInvocationInterceptor.java:93)
	at org.springframework.aop.framework.ReflectiveMethodInvocation.proceed(ReflectiveMethodInvocation.java:186)
	at org.springframework.data.repository.core.support.SurroundingTransactionDetectorMethodInterceptor.invoke(SurroundingTransactionDetectorMethodInterceptor.java:61)
	at org.springframework.aop.framework.ReflectiveMethodInvocation.proceed(ReflectiveMethodInvocation.java:186)
	at org.springframework.aop.framework.JdkDynamicAopProxy.invoke(JdkDynamicAopProxy.java:212)
	at com.sun.proxy.$Proxy102.save(Unknown Source)
	at com.interviewtest.CommITJavaInterviewTest.service.QuoteServiceImpl.updateQuote(QuoteServiceImpl.java:76)
	at com.interviewtest.CommITJavaInterviewTest.controller.QuoteController.updateQoute(QuoteController.java:50)
	at sun.reflect.NativeMethodAccessorImpl.invoke0(Native Method)
	at sun.reflect.NativeMethodAccessorImpl.invoke(NativeMethodAccessorImpl.java:62)
	at sun.reflect.DelegatingMethodAccessorImpl.invoke(DelegatingMethodAccessorImpl.java:43)
	at java.lang.reflect.Method.invoke(Method.java:498)
	at org.springframework.web.method.support.InvocableHandlerMethod.doInvoke(InvocableHandlerMethod.java:190)
	at org.springframework.web.method.support.InvocableHandlerMethod.invokeForRequest(InvocableHandlerMethod.java:138)
	at org.springframework.web.servlet.mvc.method.annotation.ServletInvocableHandlerMethod.invokeAndHandle(ServletInvocableHandlerMethod.java:104)
	at org.springframework.web.servlet.mvc.method.annotation.RequestMappingHandlerAdapter.invokeHandlerMethod(RequestMappingHandlerAdapter.java:892)
	at org.springframework.web.servlet.mvc.method.annotation.RequestMappingHandlerAdapter.handleInternal(RequestMappingHandlerAdapter.java:797)
	at org.springframework.web.servlet.mvc.method.AbstractHandlerMethodAdapter.handle(AbstractHandlerMethodAdapter.java:87)
	at org.springframework.web.servlet.DispatcherServlet.doDispatch(DispatcherServlet.java:1039)
	at org.springframework.web.servlet.DispatcherServlet.doService(DispatcherServlet.java:942)
	at org.springframework.web.servlet.FrameworkServlet.processRequest(FrameworkServlet.java:1005)
	at org.springframework.web.servlet.FrameworkServlet.doPost(FrameworkServlet.java:908)
	at javax.servlet.http.HttpServlet.service(HttpServlet.java:660)
	at org.springframework.web.servlet.FrameworkServlet.service(FrameworkServlet.java:882)
	at javax.servlet.http.HttpServlet.service(HttpServlet.java:741)
	at org.apache.catalina.core.ApplicationFilterChain.internalDoFilter(ApplicationFilterChain.java:231)
	at org.apache.catalina.core.ApplicationFilterChain.doFilter(ApplicationFilterChain.java:166)
	at org.apache.tomcat.websocket.server.WsFilter.doFilter(WsFilter.java:53)
	at org.apache.catalina.core.ApplicationFilterChain.internalDoFilter(ApplicationFilterChain.java:193)
	at org.apache.catalina.core.ApplicationFilterChain.doFilter(ApplicationFilterChain.java:166)
	at org.springframework.web.filter.RequestContextFilter.doFilterInternal(RequestContextFilter.java:99)
	at org.springframework.web.filter.OncePerRequestFilter.doFilter(OncePerRequestFilter.java:118)
	at org.apache.catalina.core.ApplicationFilterChain.internalDoFilter(ApplicationFilterChain.java:193)
	at org.apache.catalina.core.ApplicationFilterChain.doFilter(ApplicationFilterChain.java:166)
	at org.springframework.web.filter.FormContentFilter.doFilterInternal(FormContentFilter.java:92)
	at org.springframework.web.filter.OncePerRequestFilter.doFilter(OncePerRequestFilter.java:118)
	at org.apache.catalina.core.ApplicationFilterChain.internalDoFilter(ApplicationFilterChain.java:193)
	at org.apache.catalina.core.ApplicationFilterChain.doFilter(ApplicationFilterChain.java:166)
	at org.springframework.web.filter.HiddenHttpMethodFilter.doFilterInternal(HiddenHttpMethodFilter.java:93)
	at org.springframework.web.filter.OncePerRequestFilter.doFilter(OncePerRequestFilter.java:118)
	at org.apache.catalina.core.ApplicationFilterChain.internalDoFilter(ApplicationFilterChain.java:193)
	at org.apache.catalina.core.ApplicationFilterChain.doFilter(ApplicationFilterChain.java:166)
	at org.springframework.web.filter.CharacterEncodingFilter.doFilterInternal(CharacterEncodingFilter.java:200)
	at org.springframework.web.filter.OncePerRequestFilter.doFilter(OncePerRequestFilter.java:118)
	at org.apache.catalina.core.ApplicationFilterChain.internalDoFilter(ApplicationFilterChain.java:193)
	at org.apache.catalina.core.ApplicationFilterChain.doFilter(ApplicationFilterChain.java:166)
	at org.apache.catalina.core.StandardWrapperValve.invoke(StandardWrapperValve.java:202)
	at org.apache.catalina.core.StandardContextValve.invoke(StandardContextValve.java:96)
	at org.apache.catalina.authenticator.AuthenticatorBase.invoke(AuthenticatorBase.java:490)
	at org.apache.catalina.core.StandardHostValve.invoke(StandardHostValve.java:139)
	at org.apache.catalina.valves.ErrorReportValve.invoke(ErrorReportValve.java:92)
	at org.apache.catalina.core.StandardEngineValve.invoke(StandardEngineValve.java:74)
	at org.apache.catalina.connector.CoyoteAdapter.service(CoyoteAdapter.java:343)
	at org.apache.coyote.http11.Http11Processor.service(Http11Processor.java:408)
	at org.apache.coyote.AbstractProcessorLight.process(AbstractProcessorLight.java:66)
	at org.apache.coyote.AbstractProtocol$ConnectionHandler.process(AbstractProtocol.java:853)
	at org.apache.tomcat.util.net.NioEndpoint$SocketProcessor.doRun(NioEndpoint.java:1587)
	at org.apache.tomcat.util.net.SocketProcessorBase.run(SocketProcessorBase.java:49)
	at java.util.concurrent.ThreadPoolExecutor.runWorker(ThreadPoolExecutor.java:1149)
	at java.util.concurrent.ThreadPoolExecutor$Worker.run(ThreadPoolExecutor.java:624)
	at org.apache.tomcat.util.threads.TaskThread$WrappingRunnable.run(TaskThread.java:61)
	at java.lang.Thread.run(Thread.java:748)
09-09-2019 23:18:04.073 [http-nio-8080-exec-8] ERROR c.i.C.service.QuoteServiceImpl.updateQuote - {"errorCode":3,"description":"the price needs to be bigger then zero"}
